[INFO] New run on Wed Dec 7 14:04:56 CET 2016
[INFO] Will compile 96 settings
[INFO] Setting 1/96: nb_threads=seq pattern=uniform-random size=1048576 value=123456 input_instance=1... make[1]: Entering directory `/home/ponor358/Documents/TDDD56-Labs/Lab3/src'
rm -f bincc_generate_generate.o bincxx_drake-sort_drake-sort.o bincxx_drake-sort_utils.o bincxx_parallel-sort_parallel-sort.o bincxx_parallel-sort_utils.o drakecc_merge_leaf_1.o drakecc_merge_leaf_2.o drakecc_merge_root.o drakecc_merge.schedule.o bincc_generate_generate.d bincxx_drake-sort_drake-sort.d bincxx_drake-sort_utils.d bincxx_parallel-sort_parallel-sort.d bincxx_parallel-sort_utils.d drakecc_merge_leaf_1.d drakecc_merge_leaf_2.d drakecc_merge_root.d drakecc_merge.schedule.d bincc_generate_generate.e bincxx_drake-sort_drake-sort.e bincxx_drake-sort_utils.e bincxx_parallel-sort_parallel-sort.e bincxx_parallel-sort_utils.e drakecc_merge_leaf_1.e drakecc_merge_leaf_2.e drakecc_merge_root.e drakecc_merge.schedule.e
rm -f bincxx_drake-sort_sort.o bincxx_parallel-sort_sort.o bincxx_drake-sort_sort.d bincxx_parallel-sort_sort.d bincxx_drake-sort_sort.e bincxx_parallel-sort_sort.e
rm -f merge.pc
rm -f merge.schedule.c merge.taskgraph.graphml merge.schedule.xml
rm -f merge-1.graphml.o platform-1.dat.o
rm -f
rm -f generate seq-drake-sort seq-parallel-sort
rm -f libmerge.a
rm -f
rm -f *.o *.txt *.fig data.bin *.e *.d *.obj
make[1]: Leaving directory `/home/ponor358/Documents/TDDD56-Labs/Lab3/src'
make[1]: Entering directory `/home/ponor358/Documents/TDDD56-Labs/Lab3/include'
make[1]: Leaving directory `/home/ponor358/Documents/TDDD56-Labs/Lab3/include'
rm -f -r /home/ponor358/Documents/TDDD56-Labs/Lab3/Lab3-1.0.0
rm -f /home/ponor358/Documents/TDDD56-Labs/Lab3/Lab3-1.0.0.tar.gz
make NB_THREADS=0 VARIANT_parallel-sort=seq- DRAKE_PLATFORM=platform-1.dat DRAKE_SCHEDULE=schedule-1.xml DRAKE_TASKGRAPH=merge-1.graphml VARIANT_drake-sort=seq-
make[1]: Entering directory `/home/ponor358/Documents/TDDD56-Labs/Lab3/src'
gcc -E -isystem ../include -O3 -DNDEBUG -I/home/nicme26/tddd56/include -o bincc_generate_generate.e generate.c
gcc -c -isystem ../include -O3 -DNDEBUG -I/home/nicme26/tddd56/include -o bincc_generate_generate.o generate.c
gcc -M -isystem ../include -O3 -DNDEBUG -I/home/nicme26/tddd56/include generate.c -MF bincc_generate_generate.d
gcc -o generate -L. bincc_generate_generate.o -L/home/nicme26/tddd56/lib -lpelib-core -lboost_graph -lboost_regex -lm
g++ -E -isystem ../include -O3 -DNDEBUG -DDRAKE_IA_SHARED_SIZE=262144 -DDRAKE_IA_LINE_SIZE=64 -I/home/nicme26/tddd56/include -DNB_THREADS=1 -UNB_THREADS -DNB_THREADS=0 -o bincxx_drake-sort_sort.e sort.cpp
g++ -c -isystem ../include -O3 -DNDEBUG -DDRAKE_IA_SHARED_SIZE=262144 -DDRAKE_IA_LINE_SIZE=64 -I/home/nicme26/tddd56/include -DNB_THREADS=1 -UNB_THREADS -DNB_THREADS=0 -o bincxx_drake-sort_sort.o sort.cpp
g++ -M -isystem ../include -O3 -DNDEBUG -DDRAKE_IA_SHARED_SIZE=262144 -DDRAKE_IA_LINE_SIZE=64 -I/home/nicme26/tddd56/include -DNB_THREADS=1 -UNB_THREADS -DNB_THREADS=0 sort.cpp -MF bincxx_drake-sort_sort.d
gcc -E -isystem ../include -O3 -DNDEBUG -DNB_THREADS=1 -o bincxx_drake-sort_drake-sort.e drake-sort.c
gcc -c -isystem ../include -O3 -DNDEBUG -DNB_THREADS=1 -o bincxx_drake-sort_drake-sort.o drake-sort.c
gcc -M -isystem ../include -O3 -DNDEBUG -DNB_THREADS=1 drake-sort.c -MF bincxx_drake-sort_drake-sort.d
gcc -E -isystem ../include -O3 -DNDEBUG -DNB_THREADS=1 -o bincxx_drake-sort_utils.e utils.c
gcc -c -isystem ../include -O3 -DNDEBUG -DNB_THREADS=1 -o bincxx_drake-sort_utils.o utils.c
gcc -M -isystem ../include -O3 -DNDEBUG -DNB_THREADS=1 utils.c -MF bincxx_drake-sort_utils.d
gcc -E -isystem ../include -O3 -DNDEBUG -D_DRAKE_COMPILE -DAPPLICATION=merge -DTASK_MODULE=presort -DTASK_NAME=leaf_1 -o drakecc_merge_leaf_1.e presort.c
presort.c:29:2: warning: #warning Disabling debug output [-Wcpp]
#warning Disabling debug output
^
gcc -c -isystem ../include -O3 -DNDEBUG -D_DRAKE_COMPILE -DAPPLICATION=merge -DTASK_MODULE=presort -DTASK_NAME=leaf_1 -o drakecc_merge_leaf_1.o presort.c
presort.c:29:2: warning: #warning Disabling debug output [-Wcpp]
#warning Disabling debug output
^
gcc -M -isystem ../include -O3 -DNDEBUG -D_DRAKE_COMPILE -DAPPLICATION=merge -DTASK_MODULE=presort -DTASK_NAME=leaf_1 presort.c -MF drakecc_merge_leaf_1.d
gcc -E -isystem ../include -O3 -DNDEBUG -D_DRAKE_COMPILE -DAPPLICATION=merge -DTASK_MODULE=presort -DTASK_NAME=leaf_2 -o drakecc_merge_leaf_2.e presort.c
presort.c:29:2: warning: #warning Disabling debug output [-Wcpp]
#warning Disabling debug output
^
gcc -c -isystem ../include -O3 -DNDEBUG -D_DRAKE_COMPILE -DAPPLICATION=merge -DTASK_MODULE=presort -DTASK_NAME=leaf_2 -o drakecc_merge_leaf_2.o presort.c
presort.c:29:2: warning: #warning Disabling debug output [-Wcpp]
#warning Disabling debug output
^
gcc -M -isystem ../include -O3 -DNDEBUG -D_DRAKE_COMPILE -DAPPLICATION=merge -DTASK_MODULE=presort -DTASK_NAME=leaf_2 presort.c -MF drakecc_merge_leaf_2.d
gcc -E -isystem ../include -O3 -DNDEBUG -D_DRAKE_COMPILE -DAPPLICATION=merge -DTASK_MODULE=merge -DTASK_NAME=root -o drakecc_merge_root.e merge.c
gcc -c -isystem ../include -O3 -DNDEBUG -D_DRAKE_COMPILE -DAPPLICATION=merge -DTASK_MODULE=merge -DTASK_NAME=root -o drakecc_merge_root.o merge.c
gcc -M -isystem ../include -O3 -DNDEBUG -D_DRAKE_COMPILE -DAPPLICATION=merge -DTASK_MODULE=merge -DTASK_NAME=root merge.c -MF drakecc_merge_root.d
pelib-convert --input --lib platform-ampl_input --file platform-1.dat --input --lib taskgraph-graphml --file merge-1.graphml --input --lib schedule-xml --file schedule-1.xml --output --lib schedule-drake --file merge.schedule.c
gcc -E -isystem ../include -O3 -DNDEBUG -DAPPLICATION=merge -o drakecc_merge.schedule.e merge.schedule.c
gcc -c -isystem ../include -O3 -DNDEBUG -DAPPLICATION=merge -o drakecc_merge.schedule.o merge.schedule.c
gcc -M -isystem ../include -O3 -DNDEBUG -DAPPLICATION=merge merge.schedule.c -MF drakecc_merge.schedule.d
ld -r -b binary -o merge-1.graphml.o merge-1.graphml
ld -r -b binary -o platform-1.dat.o platform-1.dat
ar rs libmerge.a drakecc_merge_leaf_1.o drakecc_merge_leaf_2.o drakecc_merge_root.o drakecc_merge.schedule.o drakecc_merge_leaf_1.o drakecc_merge_leaf_2.o drakecc_merge_root.o drakecc_merge.schedule.o
ar: creating libmerge.a
g++ -o seq-drake-sort -L. -L. bincxx_drake-sort_sort.o bincxx_drake-sort_drake-sort.o bincxx_drake-sort_utils.o -lmerge -pthread -L/home/nicme26/tddd56/lib -ldrake-intel-ia -ldrake -lpelib-core -lboost_graph -lboost_regex -lrapl -lm -lrt
g++ -E -isystem ../include -O3 -DNDEBUG -DDRAKE_IA_SHARED_SIZE=262144 -DDRAKE_IA_LINE_SIZE=64 -I/home/nicme26/tddd56/include -DNB_THREADS=0 -o bincxx_parallel-sort_sort.e sort.cpp
g++ -c -isystem ../include -O3 -DNDEBUG -DDRAKE_IA_SHARED_SIZE=262144 -DDRAKE_IA_LINE_SIZE=64 -I/home/nicme26/tddd56/include -DNB_THREADS=0 -o bincxx_parallel-sort_sort.o sort.cpp
g++ -M -isystem ../include -O3 -DNDEBUG -DDRAKE_IA_SHARED_SIZE=262144 -DDRAKE_IA_LINE_SIZE=64 -I/home/nicme26/tddd56/include -DNB_THREADS=0 sort.cpp -MF bincxx_parallel-sort_sort.d
gcc -E -isystem ../include -O3 -DNDEBUG -DNB_THREADS=0 -o bincxx_parallel-sort_parallel-sort.e parallel-sort.c
gcc -c -isystem ../include -O3 -DNDEBUG -DNB_THREADS=0 -o bincxx_parallel-sort_parallel-sort.o parallel-sort.c
gcc -M -isystem ../include -O3 -DNDEBUG -DNB_THREADS=0 parallel-sort.c -MF bincxx_parallel-sort_parallel-sort.d
gcc -E -isystem ../include -O3 -DNDEBUG -DNB_THREADS=0 -o bincxx_parallel-sort_utils.e utils.c
gcc -c -isystem ../include -O3 -DNDEBUG -DNB_THREADS=0 -o bincxx_parallel-sort_utils.o utils.c
gcc -M -isystem ../include -O3 -DNDEBUG -DNB_THREADS=0 utils.c -MF bincxx_parallel-sort_utils.d
g++ -o seq-parallel-sort -L. bincxx_parallel-sort_sort.o bincxx_parallel-sort_parallel-sort.o bincxx_parallel-sort_utils.o -pthread -L/home/nicme26/tddd56/lib -ldrake-intel-ia -ldrake -lpelib-core -lboost_graph -lboost_regex -lrapl -lm -lrt
echo Makefile Makefile.in
Makefile Makefile.in
echo prefix=/home/nicme26/tddd56 > merge.pc
echo exec_prefix= >> merge.pc
echo libdir='$'{prefix}/lib >> merge.pc
echo includedir='$'{prefix}/include >> merge.pc
echo >> merge.pc
echo Name: libmerge >> merge.pc
echo Description: General PELAB in library research used utility >> merge.pc
echo Version: 1.0.0 >> merge.pc
echo URL: >> merge.pc
echo Libs: -L'$'{libdir} -lmerge >> merge.pc
echo Libs.private: >> merge.pc
echo Requires: >> merge.pc
echo Requires.private: >> merge.pc
echo Conflicts: >> merge.pc
echo Cflags: -I'$'{includedir} >> merge.pc
make[1]: Leaving directory `/home/ponor358/Documents/TDDD56-Labs/Lab3/src'
make[1]: Entering directory `/home/ponor358/Documents/TDDD56-Labs/Lab3/include'
make[1]: Leaving directory `/home/ponor358/Documents/TDDD56-Labs/Lab3/include'
OK. 7.69 sec finished on 12/07/16 14:05:04; approx. 822.83 sec left (13.71 minutes)
[INFO] Setting 2/96: nb_threads=seq pattern=uniform-random size=1048576 value=123456 input_instance=2... ./compile: line 42: || 0: syntax error: operand expected (error token is "|| 0")
Failed. 0.02 sec finished on 12/07/16 14:05:04; approx. 410.93 sec left (6.85 minutes)
[INFO] Setting 3/96: nb_threads=seq pattern=uniform-random size=4194304 value=123456 input_instance=1... ./compile: line 42: || 0: syntax error: operand expected (error token is "|| 0")
Failed. 0.08 sec finished on 12/07/16 14:05:05; approx. 274.94 sec left (4.58 minutes)
[INFO] Setting 4/96: nb_threads=seq pattern=uniform-random size=4194304 value=123456 input_instance=2... ./compile: line 42: || 0: syntax error: operand expected (error token is "|| 0")
Failed. 0.08 sec finished on 12/07/16 14:05:05; approx. 207.11 sec left (3.45 minutes)
[INFO] Setting 5/96: nb_threads=seq pattern=uniform-random size=16777216 value=123456 input_instance=1... ./compile: line 42: || 0: syntax error: operand expected (error token is "|| 0")
Failed. 0.29 sec finished on 12/07/16 14:05:05; approx. 170.25 sec left (2.84 minutes)
[INFO] Setting 6/96: nb_threads=seq pattern=uniform-random size=16777216 value=123456 input_instance=2... ./compile: line 42: || 0: syntax error: operand expected (error token is "|| 0")
Failed. 0.34 sec finished on 12/07/16 14:05:05; approx. 146.35 sec left (2.44 minutes)
[INFO] Setting 7/96: nb_threads=seq pattern=increasing size=1048576 value=123456 input_instance=1... ./compile: line 42: || 0: syntax error: operand expected (error token is "|| 0")
Failed. 0.02 sec finished on 12/07/16 14:05:06; approx. 125.20 sec left (2.09 minutes)
[INFO] Setting 9/96: nb_threads=seq pattern=increasing size=4194304 value=123456 input_instance=1... ./compile: line 42: || 0: syntax error: operand expected (error token is "|| 0")
Failed. 0.04 sec finished on 12/07/16 14:05:06; approx. 96.37 sec left (1.61 minutes)
[INFO] Setting 11/96: nb_threads=seq pattern=increasing size=16777216 value=123456 input_instance=1... ./compile: line 42: || 0: syntax error: operand expected (error token is "|| 0")
Failed. 0.14 sec finished on 12/07/16 14:05:06; approx. 78.72 sec left (1.31 minutes)
[INFO] Setting 13/96: nb_threads=seq pattern=decreasing size=1048576 value=123456 input_instance=1... ./compile: line 42: || 0: syntax error: operand expected (error token is "|| 0")
Failed. 0.02 sec finished on 12/07/16 14:05:06; approx. 65.78 sec left (1.10 minutes)
[INFO] Setting 15/96: nb_threads=seq pattern=decreasing size=4194304 value=123456 input_instance=1... ./compile: line 42: || 0: syntax error: operand expected (error token is "|| 0")
Failed. 0.04 sec finished on 12/07/16 14:05:06; approx. 56.26 sec left (0.94 minutes)
[INFO] Setting 17/96: nb_threads=seq pattern=decreasing size=16777216 value=123456 input_instance=1... ./compile: line 42: || 0: syntax error: operand expected (error token is "|| 0")
Failed. 0.17 sec finished on 12/07/16 14:05:06; approx. 49.56 sec left (0.83 minutes)
[INFO] Setting 19/96: nb_threads=seq pattern=constant size=1048576 value=123456 input_instance=1... ./compile: line 42: || 0: syntax error: operand expected (error token is "|| 0")
Failed. 0.02 sec finished on 12/07/16 14:05:06; approx. 43.63 sec left (0.73 minutes)
[INFO] Setting 21/96: nb_threads=seq pattern=constant size=4194304 value=123456 input_instance=1... ./compile: line 42: || 0: syntax error: operand expected (error token is "|| 0")
Failed. 0.04 sec finished on 12/07/16 14:05:07; approx. 38.85 sec left (0.65 minutes)
[INFO] Setting 23/96: nb_threads=seq pattern=constant size=16777216 value=123456 input_instance=1... ./compile: line 42: || 0: syntax error: operand expected (error token is "|| 0")
Failed. 0.14 sec finished on 12/07/16 14:05:07; approx. 35.21 sec left (0.59 minutes)
[INFO] Setting 25/96: nb_threads=2 pattern=uniform-random size=1048576 value=123456 input_instance=1... make[1]: Entering directory `/home/ponor358/Documents/TDDD56-Labs/Lab3/src'
rm -f bincc_generate_generate.o bincxx_drake-sort_drake-sort.o bincxx_drake-sort_utils.o bincxx_parallel-sort_parallel-sort.o bincxx_parallel-sort_utils.o drakecc_merge_leaf_1.o drakecc_merge_leaf_2.o drakecc_merge_root.o drakecc_merge.schedule.o bincc_generate_generate.d bincxx_drake-sort_drake-sort.d bincxx_drake-sort_utils.d bincxx_parallel-sort_parallel-sort.d bincxx_parallel-sort_utils.d drakecc_merge_leaf_1.d drakecc_merge_leaf_2.d drakecc_merge_root.d drakecc_merge.schedule.d bincc_generate_generate.e bincxx_drake-sort_drake-sort.e bincxx_drake-sort_utils.e bincxx_parallel-sort_parallel-sort.e bincxx_parallel-sort_utils.e drakecc_merge_leaf_1.e drakecc_merge_leaf_2.e drakecc_merge_root.e drakecc_merge.schedule.e
